<?xml version="1.0" encoding="UTF-8"?>
<!-- Generated by org.testng.reporters.JUnitReportReporter -->
<testsuite hostname="LAPTOP-9OI5NA80" failures="0" tests="1" name="CRUDTestCases.LoginPageTest" time="3.530" errors="0" timestamp="2021-12-30T20:09:00 EST" skipped="0">
  <testcase classname="CRUDTestCases.LoginPageTest" name="testcase1" time="3.530"/>
  <system-out/>
</testsuite> <!-- CRUDTestCases.LoginPageTest -->
