<?xml version="1.0" encoding="UTF-8"?>
<!-- Generated by org.testng.reporters.JUnitReportReporter -->
<testsuite hostname="LAPTOP-9OI5NA80" failures="0" tests="7" name="CRUDTestCases.welcomePageTest" time="15.875" errors="0" timestamp="2022-01-05T11:59:00 EST" skipped="0">
  <testcase classname="CRUDTestCases.welcomePageTest" name="welcomePageSignInLinkPresentTest" time="1.824"/>
  <system-out/>
  <testcase classname="CRUDTestCases.welcomePageTest" name="welcomePageDescriptionTest" time="4.940"/>
  <system-out/>
  <testcase classname="CRUDTestCases.welcomePageTest" name="welcomePageHeaderTest" time="1.924"/>
  <system-out/>
  <testcase classname="CRUDTestCases.welcomePageTest" name="clickHomePageLinkOnWelcomePageTest" time="1.838"/>
  <system-out/>
  <testcase classname="CRUDTestCases.welcomePageTest" name="welcomePageHomePageLinkPresentTest" time="1.859"/>
  <system-out/>
  <testcase classname="CRUDTestCases.welcomePageTest" name="welcomePageTitleTest" time="1.739"/>
  <system-out/>
  <testcase classname="CRUDTestCases.welcomePageTest" name="clickSignInLinkOnWelcomePageTest" time="1.751"/>
  <system-out/>
</testsuite> <!-- CRUDTestCases.welcomePageTest -->
